Analysis & Synthesis report for LD_final_project
Mon Jan 09 20:49:37 2023
Quartus II 64-Bit Version 13.1.0 Build 162 10/23/2013 SJ Web Edition


---------------------
; Table of Contents ;
---------------------
  1. Legal Notice
  2. Analysis & Synthesis Summary
  3. Analysis & Synthesis Settings
  4. Parallel Compilation
  5. Analysis & Synthesis Source Files Read
  6. Analysis & Synthesis Resource Usage Summary
  7. Analysis & Synthesis Resource Utilization by Entity
  8. Registers Removed During Synthesis
  9. General Register Statistics
 10. Inverted Register Statistics
 11. Multiplexer Restructuring Statistics (Restructuring Performed)
 12. Elapsed Time Per Partition
 13. Analysis & Synthesis Messages
 14. Analysis & Synthesis Suppressed Messages



----------------
; Legal Notice ;
----------------
Copyright (C) 1991-2013 Altera Corporation
Your use of Altera Corporation's design tools, logic functions 
and other software and tools, and its AMPP partner logic 
functions, and any output files from any of the foregoing 
(including device programming or simulation files), and any 
associated documentation or information are expressly subject 
to the terms and conditions of the Altera Program License 
Subscription Agreement, Altera MegaCore Function License 
Agreement, or other applicable license agreement, including, 
without limitation, that your use is for the sole purpose of 
programming logic devices manufactured by Altera and sold by 
Altera or its authorized distributors.  Please refer to the 
applicable agreement for further details.



+---------------------------------------------------------------------------------+
; Analysis & Synthesis Summary                                                    ;
+------------------------------------+--------------------------------------------+
; Analysis & Synthesis Status        ; Successful - Mon Jan 09 20:49:37 2023      ;
; Quartus II 64-Bit Version          ; 13.1.0 Build 162 10/23/2013 SJ Web Edition ;
; Revision Name                      ; LD_final_project                           ;
; Top-level Entity Name              ; LD_final_project                           ;
; Family                             ; Cyclone III                                ;
; Total logic elements               ; 1,553                                      ;
;     Total combinational functions  ; 1,549                                      ;
;     Dedicated logic registers      ; 354                                        ;
; Total registers                    ; 354                                        ;
; Total pins                         ; 46                                         ;
; Total virtual pins                 ; 0                                          ;
; Total memory bits                  ; 0                                          ;
; Embedded Multiplier 9-bit elements ; 0                                          ;
; Total PLLs                         ; 0                                          ;
+------------------------------------+--------------------------------------------+


+----------------------------------------------------------------------------------------------------------------------+
; Analysis & Synthesis Settings                                                                                        ;
+----------------------------------------------------------------------------+--------------------+--------------------+
; Option                                                                     ; Setting            ; Default Value      ;
+----------------------------------------------------------------------------+--------------------+--------------------+
; Device                                                                     ; EP3C10E144C8       ;                    ;
; Top-level entity name                                                      ; LD_final_project   ; LD_final_project   ;
; Family name                                                                ; Cyclone III        ; Cyclone V          ;
; Verilog Show LMF Mapping Messages                                          ; Off                ;                    ;
; Verilog Version                                                            ; SystemVerilog_2005 ; Verilog_2001       ;
; Use smart compilation                                                      ; Off                ; Off                ;
; Enable parallel Assembler and TimeQuest Timing Analyzer during compilation ; On                 ; On                 ;
; Enable compact report table                                                ; Off                ; Off                ;
; Restructure Multiplexers                                                   ; Auto               ; Auto               ;
; Create Debugging Nodes for IP Cores                                        ; Off                ; Off                ;
; Preserve fewer node names                                                  ; On                 ; On                 ;
; Disable OpenCore Plus hardware evaluation                                  ; Off                ; Off                ;
; VHDL Version                                                               ; VHDL_1993          ; VHDL_1993          ;
; State Machine Processing                                                   ; Auto               ; Auto               ;
; Safe State Machine                                                         ; Off                ; Off                ;
; Extract Verilog State Machines                                             ; On                 ; On                 ;
; Extract VHDL State Machines                                                ; On                 ; On                 ;
; Ignore Verilog initial constructs                                          ; Off                ; Off                ;
; Iteration limit for constant Verilog loops                                 ; 5000               ; 5000               ;
; Iteration limit for non-constant Verilog loops                             ; 250                ; 250                ;
; Add Pass-Through Logic to Inferred RAMs                                    ; On                 ; On                 ;
; Infer RAMs from Raw Logic                                                  ; On                 ; On                 ;
; Parallel Synthesis                                                         ; On                 ; On                 ;
; DSP Block Balancing                                                        ; Auto               ; Auto               ;
; NOT Gate Push-Back                                                         ; On                 ; On                 ;
; Power-Up Don't Care                                                        ; On                 ; On                 ;
; Remove Redundant Logic Cells                                               ; Off                ; Off                ;
; Remove Duplicate Registers                                                 ; On                 ; On                 ;
; Ignore CARRY Buffers                                                       ; Off                ; Off                ;
; Ignore CASCADE Buffers                                                     ; Off                ; Off                ;
; Ignore GLOBAL Buffers                                                      ; Off                ; Off                ;
; Ignore ROW GLOBAL Buffers                                                  ; Off                ; Off                ;
; Ignore LCELL Buffers                                                       ; Off                ; Off                ;
; Ignore SOFT Buffers                                                        ; On                 ; On                 ;
; Limit AHDL Integers to 32 Bits                                             ; Off                ; Off                ;
; Optimization Technique                                                     ; Balanced           ; Balanced           ;
; Carry Chain Length                                                         ; 70                 ; 70                 ;
; Auto Carry Chains                                                          ; On                 ; On                 ;
; Auto Open-Drain Pins                                                       ; On                 ; On                 ;
; Perform WYSIWYG Primitive Resynthesis                                      ; Off                ; Off                ;
; Auto ROM Replacement                                                       ; On                 ; On                 ;
; Auto RAM Replacement                                                       ; On                 ; On                 ;
; Auto DSP Block Replacement                                                 ; On                 ; On                 ;
; Auto Shift Register Replacement                                            ; Auto               ; Auto               ;
; Allow Shift Register Merging across Hierarchies                            ; Auto               ; Auto               ;
; Auto Clock Enable Replacement                                              ; On                 ; On                 ;
; Strict RAM Replacement                                                     ; Off                ; Off                ;
; Allow Synchronous Control Signals                                          ; On                 ; On                 ;
; Force Use of Synchronous Clear Signals                                     ; Off                ; Off                ;
; Auto RAM Block Balancing                                                   ; On                 ; On                 ;
; Auto RAM to Logic Cell Conversion                                          ; Off                ; Off                ;
; Auto Resource Sharing                                                      ; Off                ; Off                ;
; Allow Any RAM Size For Recognition                                         ; Off                ; Off                ;
; Allow Any ROM Size For Recognition                                         ; Off                ; Off                ;
; Allow Any Shift Register Size For Recognition                              ; Off                ; Off                ;
; Use LogicLock Constraints during Resource Balancing                        ; On                 ; On                 ;
; Ignore translate_off and synthesis_off directives                          ; Off                ; Off                ;
; Timing-Driven Synthesis                                                    ; On                 ; On                 ;
; Report Parameter Settings                                                  ; On                 ; On                 ;
; Report Source Assignments                                                  ; On                 ; On                 ;
; Report Connectivity Checks                                                 ; On                 ; On                 ;
; Ignore Maximum Fan-Out Assignments                                         ; Off                ; Off                ;
; Synchronization Register Chain Length                                      ; 2                  ; 2                  ;
; PowerPlay Power Optimization                                               ; Normal compilation ; Normal compilation ;
; HDL message level                                                          ; Level2             ; Level2             ;
; Suppress Register Optimization Related Messages                            ; Off                ; Off                ;
; Number of Removed Registers Reported in Synthesis Report                   ; 5000               ; 5000               ;
; Number of Swept Nodes Reported in Synthesis Report                         ; 5000               ; 5000               ;
; Number of Inverted Registers Reported in Synthesis Report                  ; 100                ; 100                ;
; Clock MUX Protection                                                       ; On                 ; On                 ;
; Auto Gated Clock Conversion                                                ; Off                ; Off                ;
; Block Design Naming                                                        ; Auto               ; Auto               ;
; SDC constraint protection                                                  ; Off                ; Off                ;
; Synthesis Effort                                                           ; Auto               ; Auto               ;
; Shift Register Replacement - Allow Asynchronous Clear Signal               ; On                 ; On                 ;
; Pre-Mapping Resynthesis Optimization                                       ; Off                ; Off                ;
; Analysis & Synthesis Message Level                                         ; Medium             ; Medium             ;
; Disable Register Merging Across Hierarchies                                ; Auto               ; Auto               ;
; Resource Aware Inference For Block RAM                                     ; On                 ; On                 ;
; Synthesis Seed                                                             ; 1                  ; 1                  ;
+----------------------------------------------------------------------------+--------------------+--------------------+


Parallel compilation was disabled, but you have multiple processors available. Enable parallel compilation to reduce compilation time.
+-------------------------------------+
; Parallel Compilation                ;
+----------------------------+--------+
; Processors                 ; Number ;
+----------------------------+--------+
; Number detected on machine ; 20     ;
; Maximum allowed            ; 1      ;
+----------------------------+--------+


+--------------------------------------------------------------------------------------------------------------------------------------------------------------------+
; Analysis & Synthesis Source Files Read                                                                                                                             ;
+----------------------------------+-----------------+------------------------+----------------------------------------------------------------------------+---------+
; File Name with User-Entered Path ; Used in Netlist ; File Type              ; File Name with Absolute Path                                               ; Library ;
+----------------------------------+-----------------+------------------------+----------------------------------------------------------------------------+---------+
; LD_final_project.v               ; yes             ; User Verilog HDL File  ; C:/Users/user/Desktop/LD_final_project/LD_final_project/LD_final_project.v ;         ;
+----------------------------------+-----------------+------------------------+----------------------------------------------------------------------------+---------+


+-----------------------------------------------------------+
; Analysis & Synthesis Resource Usage Summary               ;
+---------------------------------------------+-------------+
; Resource                                    ; Usage       ;
+---------------------------------------------+-------------+
; Estimated Total logic elements              ; 1,553       ;
;                                             ;             ;
; Total combinational functions               ; 1549        ;
; Logic element usage by number of LUT inputs ;             ;
;     -- 4 input functions                    ; 924         ;
;     -- 3 input functions                    ; 313         ;
;     -- <=2 input functions                  ; 312         ;
;                                             ;             ;
; Logic elements by mode                      ;             ;
;     -- normal mode                          ; 1265        ;
;     -- arithmetic mode                      ; 284         ;
;                                             ;             ;
; Total registers                             ; 354         ;
;     -- Dedicated logic registers            ; 354         ;
;     -- I/O registers                        ; 0           ;
;                                             ;             ;
; I/O pins                                    ; 46          ;
; Embedded Multiplier 9-bit elements          ; 0           ;
; Maximum fan-out node                        ; clear~input ;
; Maximum fan-out                             ; 369         ;
; Total fan-out                               ; 6244        ;
; Average fan-out                             ; 3.13        ;
+---------------------------------------------+-------------+


+-----------------------------------------------------------------------------------------------------------------------------------------------------------------------------------------+
; Analysis & Synthesis Resource Utilization by Entity                                                                                                                                     ;
+----------------------------+-------------------+--------------+-------------+--------------+---------+-----------+------+--------------+---------------------------------+--------------+
; Compilation Hierarchy Node ; LC Combinationals ; LC Registers ; Memory Bits ; DSP Elements ; DSP 9x9 ; DSP 18x18 ; Pins ; Virtual Pins ; Full Hierarchy Name             ; Library Name ;
+----------------------------+-------------------+--------------+-------------+--------------+---------+-----------+------+--------------+---------------------------------+--------------+
; |LD_final_project          ; 1549 (1395)       ; 354 (238)    ; 0           ; 0            ; 0       ; 0         ; 46   ; 0            ; |LD_final_project               ; work         ;
;    |divfreq1:div1|         ; 36 (36)           ; 27 (27)      ; 0           ; 0            ; 0       ; 0         ; 0    ; 0            ; |LD_final_project|divfreq1:div1 ; work         ;
;    |divfreq2:div2|         ; 49 (49)           ; 37 (37)      ; 0           ; 0            ; 0       ; 0         ; 0    ; 0            ; |LD_final_project|divfreq2:div2 ; work         ;
;    |divfreq3:div3|         ; 34 (34)           ; 26 (26)      ; 0           ; 0            ; 0       ; 0         ; 0    ; 0            ; |LD_final_project|divfreq3:div3 ; work         ;
;    |divfreq:div0|          ; 34 (34)           ; 26 (26)      ; 0           ; 0            ; 0       ; 0         ; 0    ; 0            ; |LD_final_project|divfreq:div0  ; work         ;
;    |segment7:S1|           ; 1 (1)             ; 0 (0)        ; 0           ; 0            ; 0       ; 0         ; 0    ; 0            ; |LD_final_project|segment7:S1   ; work         ;
+----------------------------+-------------------+--------------+-------------+--------------+---------+-----------+------+--------------+---------------------------------+--------------+
Note: For table entries with two numbers listed, the numbers in parentheses indicate the number of resources of the given type used by the specific entity alone. The numbers listed outside of parentheses indicate the total resources of the given type used by the specific entity and all of its sub-entities in the hierarchy.


+----------------------------------------------------------------------------------+
; Registers Removed During Synthesis                                               ;
+-----------------------------------------+----------------------------------------+
; Register name                           ; Reason for Removal                     ;
+-----------------------------------------+----------------------------------------+
; people[7][4]                            ; Stuck at VCC due to stuck port data_in ;
; EN~reg0                                 ; Stuck at VCC due to stuck port data_in ;
; people[7][3]                            ; Stuck at VCC due to stuck port data_in ;
; people[7][2]                            ; Stuck at VCC due to stuck port data_in ;
; people[7][1]                            ; Stuck at VCC due to stuck port data_in ;
; people[7][0]                            ; Stuck at VCC due to stuck port data_in ;
; people[7][5]                            ; Stuck at VCC due to stuck port data_in ;
; people[6][5]                            ; Stuck at VCC due to stuck port data_in ;
; people[6][4]                            ; Stuck at VCC due to stuck port data_in ;
; people[6][3]                            ; Stuck at VCC due to stuck port data_in ;
; people[6][2]                            ; Stuck at VCC due to stuck port data_in ;
; people[6][1]                            ; Stuck at VCC due to stuck port data_in ;
; people[6][0]                            ; Stuck at VCC due to stuck port data_in ;
; people[5][5]                            ; Stuck at VCC due to stuck port data_in ;
; people[5][4]                            ; Stuck at VCC due to stuck port data_in ;
; people[5][3]                            ; Stuck at VCC due to stuck port data_in ;
; people[5][2]                            ; Stuck at VCC due to stuck port data_in ;
; people[5][1]                            ; Stuck at VCC due to stuck port data_in ;
; people[5][0]                            ; Stuck at VCC due to stuck port data_in ;
; people[4][5]                            ; Stuck at VCC due to stuck port data_in ;
; people[4][4]                            ; Stuck at VCC due to stuck port data_in ;
; people[4][3]                            ; Stuck at VCC due to stuck port data_in ;
; people[4][2]                            ; Stuck at VCC due to stuck port data_in ;
; people[4][1]                            ; Stuck at VCC due to stuck port data_in ;
; people[4][0]                            ; Stuck at VCC due to stuck port data_in ;
; people[3][5]                            ; Stuck at VCC due to stuck port data_in ;
; people[3][4]                            ; Stuck at VCC due to stuck port data_in ;
; people[3][3]                            ; Stuck at VCC due to stuck port data_in ;
; people[3][2]                            ; Stuck at VCC due to stuck port data_in ;
; people[3][1]                            ; Stuck at VCC due to stuck port data_in ;
; people[3][0]                            ; Stuck at VCC due to stuck port data_in ;
; people[2][5]                            ; Stuck at VCC due to stuck port data_in ;
; people[2][4]                            ; Stuck at VCC due to stuck port data_in ;
; people[2][3]                            ; Stuck at VCC due to stuck port data_in ;
; people[2][2]                            ; Stuck at VCC due to stuck port data_in ;
; people[2][1]                            ; Stuck at VCC due to stuck port data_in ;
; people[2][0]                            ; Stuck at VCC due to stuck port data_in ;
; people[1][5]                            ; Stuck at VCC due to stuck port data_in ;
; people[1][4]                            ; Stuck at VCC due to stuck port data_in ;
; people[1][3]                            ; Stuck at VCC due to stuck port data_in ;
; people[1][2]                            ; Stuck at VCC due to stuck port data_in ;
; people[1][1]                            ; Stuck at VCC due to stuck port data_in ;
; people[1][0]                            ; Stuck at VCC due to stuck port data_in ;
; people[0][5]                            ; Stuck at VCC due to stuck port data_in ;
; people[0][4]                            ; Stuck at VCC due to stuck port data_in ;
; people[0][3]                            ; Stuck at VCC due to stuck port data_in ;
; people[0][2]                            ; Stuck at VCC due to stuck port data_in ;
; people[0][1]                            ; Stuck at VCC due to stuck port data_in ;
; people[0][0]                            ; Stuck at VCC due to stuck port data_in ;
; COMM_CLK[1]~reg0                        ; Merged with count1[0]                  ;
; count1[2..7]                            ; Merged with count1[1]                  ;
; people[7][7]                            ; Merged with people[7][6]               ;
; people[6][7]                            ; Merged with people[6][6]               ;
; people[5][7]                            ; Merged with people[5][6]               ;
; people[4][7]                            ; Merged with people[4][6]               ;
; people[3][7]                            ; Merged with people[3][6]               ;
; people[2][7]                            ; Merged with people[2][6]               ;
; people[1][7]                            ; Merged with people[1][6]               ;
; people[0][7]                            ; Merged with people[0][6]               ;
; s_notice[2..9,11..31]                   ; Merged with s_notice[10]               ;
; random01[2]                             ; Merged with r[2]                       ;
; random01[0]                             ; Merged with r[0]                       ;
; random01[1]                             ; Merged with r[1]                       ;
; b[0]                                    ; Merged with a[0]                       ;
; c[0]                                    ; Merged with a[0]                       ;
; b[1]                                    ; Merged with a[1]                       ;
; c[1]                                    ; Merged with a[1]                       ;
; b[2]                                    ; Merged with a[2]                       ;
; c[2]                                    ; Merged with a[2]                       ;
; b[3]                                    ; Merged with a[3]                       ;
; c[3]                                    ; Merged with a[3]                       ;
; b[4]                                    ; Merged with a[4]                       ;
; c[4]                                    ; Merged with a[4]                       ;
; b[5]                                    ; Merged with a[5]                       ;
; c[5]                                    ; Merged with a[5]                       ;
; b[6]                                    ; Merged with a[6]                       ;
; c[6]                                    ; Merged with a[6]                       ;
; b[7]                                    ; Merged with a[7]                       ;
; c[7]                                    ; Merged with a[7]                       ;
; b[8]                                    ; Merged with a[8]                       ;
; c[8]                                    ; Merged with a[8]                       ;
; b[9]                                    ; Merged with a[9]                       ;
; c[9]                                    ; Merged with a[9]                       ;
; b[10]                                   ; Merged with a[10]                      ;
; c[10]                                   ; Merged with a[10]                      ;
; b[11]                                   ; Merged with a[11]                      ;
; c[11]                                   ; Merged with a[11]                      ;
; b[12]                                   ; Merged with a[12]                      ;
; c[12]                                   ; Merged with a[12]                      ;
; b[13]                                   ; Merged with a[13]                      ;
; c[13]                                   ; Merged with a[13]                      ;
; b[14]                                   ; Merged with a[14]                      ;
; c[14]                                   ; Merged with a[14]                      ;
; b[15]                                   ; Merged with a[15]                      ;
; c[15]                                   ; Merged with a[15]                      ;
; b[16]                                   ; Merged with a[16]                      ;
; c[16]                                   ; Merged with a[16]                      ;
; b[17]                                   ; Merged with a[17]                      ;
; c[17]                                   ; Merged with a[17]                      ;
; b[18]                                   ; Merged with a[18]                      ;
; c[18]                                   ; Merged with a[18]                      ;
; b[19]                                   ; Merged with a[19]                      ;
; c[19]                                   ; Merged with a[19]                      ;
; b[20]                                   ; Merged with a[20]                      ;
; c[20]                                   ; Merged with a[20]                      ;
; b[21]                                   ; Merged with a[21]                      ;
; c[21]                                   ; Merged with a[21]                      ;
; b[22]                                   ; Merged with a[22]                      ;
; c[22]                                   ; Merged with a[22]                      ;
; b[23]                                   ; Merged with a[23]                      ;
; c[23]                                   ; Merged with a[23]                      ;
; b[24]                                   ; Merged with a[24]                      ;
; c[24]                                   ; Merged with a[24]                      ;
; b[25]                                   ; Merged with a[25]                      ;
; c[25]                                   ; Merged with a[25]                      ;
; b[26]                                   ; Merged with a[26]                      ;
; c[26]                                   ; Merged with a[26]                      ;
; b[27]                                   ; Merged with a[27]                      ;
; c[27]                                   ; Merged with a[27]                      ;
; b[28]                                   ; Merged with a[28]                      ;
; c[28]                                   ; Merged with a[28]                      ;
; b[29]                                   ; Merged with a[29]                      ;
; c[29]                                   ; Merged with a[29]                      ;
; b[30]                                   ; Merged with a[30]                      ;
; c[30]                                   ; Merged with a[30]                      ;
; b[31]                                   ; Merged with a[31]                      ;
; c[31]                                   ; Merged with a[31]                      ;
; random02[2]                             ; Merged with r1[2]                      ;
; random02[0]                             ; Merged with r1[0]                      ;
; random02[1]                             ; Merged with r1[1]                      ;
; random03[2]                             ; Merged with r2[2]                      ;
; random03[0]                             ; Merged with r2[0]                      ;
; random03[1]                             ; Merged with r2[1]                      ;
; bouns[1..9,11..31]                      ; Merged with bouns[10]                  ;
; notice[1..9,11..31]                     ; Merged with notice[10]                 ;
; count1[1]                               ; Stuck at GND due to stuck port data_in ;
; s_notice[10]                            ; Stuck at GND due to stuck port data_in ;
; bouns[10]                               ; Stuck at GND due to stuck port data_in ;
; notice[10]                              ; Stuck at GND due to stuck port data_in ;
; Total Number of Removed Registers = 230 ;                                        ;
+-----------------------------------------+----------------------------------------+


+------------------------------------------------------+
; General Register Statistics                          ;
+----------------------------------------------+-------+
; Statistic                                    ; Value ;
+----------------------------------------------+-------+
; Total registers                              ; 354   ;
; Number of registers using Synchronous Clear  ; 120   ;
; Number of registers using Synchronous Load   ; 34    ;
; Number of registers using Asynchronous Clear ; 8     ;
; Number of registers using Asynchronous Load  ; 0     ;
; Number of registers using Clock Enable       ; 10    ;
; Number of registers using Preset             ; 0     ;
+----------------------------------------------+-------+


+---------------------------------------------------+
; Inverted Register Statistics                      ;
+-----------------------------------------+---------+
; Inverted Register                       ; Fan out ;
+-----------------------------------------+---------+
; DATA_R[0]~reg0                          ; 1       ;
; DATA_R[1]~reg0                          ; 1       ;
; DATA_R[2]~reg0                          ; 1       ;
; DATA_R[3]~reg0                          ; 1       ;
; DATA_R[4]~reg0                          ; 1       ;
; DATA_R[5]~reg0                          ; 1       ;
; DATA_R[6]~reg0                          ; 1       ;
; DATA_R[7]~reg0                          ; 1       ;
; DATA_G[0]~reg0                          ; 1       ;
; DATA_G[1]~reg0                          ; 1       ;
; DATA_G[2]~reg0                          ; 1       ;
; DATA_G[3]~reg0                          ; 1       ;
; DATA_G[4]~reg0                          ; 1       ;
; DATA_G[5]~reg0                          ; 1       ;
; DATA_G[6]~reg0                          ; 1       ;
; DATA_G[7]~reg0                          ; 1       ;
; plate[2][0]                             ; 2       ;
; plate[1][0]                             ; 2       ;
; plate[0][0]                             ; 2       ;
; plate[3][0]                             ; 2       ;
; plate[5][0]                             ; 2       ;
; plate[6][0]                             ; 2       ;
; plate[4][0]                             ; 2       ;
; plate[7][0]                             ; 2       ;
; plate[2][1]                             ; 3       ;
; plate[1][1]                             ; 2       ;
; plate[0][1]                             ; 3       ;
; plate[3][1]                             ; 2       ;
; plate[5][1]                             ; 3       ;
; plate[6][1]                             ; 3       ;
; plate[4][1]                             ; 2       ;
; plate[7][1]                             ; 2       ;
; plate[2][2]                             ; 2       ;
; plate[1][2]                             ; 2       ;
; plate[0][2]                             ; 3       ;
; plate[3][2]                             ; 2       ;
; plate[5][2]                             ; 3       ;
; plate[6][2]                             ; 3       ;
; plate[4][2]                             ; 3       ;
; plate[7][2]                             ; 2       ;
; plate[2][3]                             ; 3       ;
; plate[1][3]                             ; 2       ;
; plate[0][3]                             ; 3       ;
; plate[3][3]                             ; 2       ;
; plate[5][3]                             ; 3       ;
; plate[6][3]                             ; 3       ;
; plate[4][3]                             ; 3       ;
; plate[7][3]                             ; 2       ;
; plate[2][4]                             ; 3       ;
; plate[1][4]                             ; 2       ;
; plate[0][4]                             ; 3       ;
; plate[3][4]                             ; 2       ;
; plate[5][4]                             ; 3       ;
; plate[6][4]                             ; 3       ;
; plate[4][4]                             ; 3       ;
; plate[7][4]                             ; 2       ;
; plate[2][5]                             ; 3       ;
; plate[1][5]                             ; 2       ;
; plate[0][5]                             ; 3       ;
; plate[3][5]                             ; 2       ;
; plate[5][5]                             ; 3       ;
; plate[6][5]                             ; 3       ;
; plate[4][5]                             ; 3       ;
; plate[7][5]                             ; 2       ;
; plate[5][6]                             ; 2       ;
; plate[6][6]                             ; 3       ;
; plate[4][6]                             ; 3       ;
; plate[7][6]                             ; 2       ;
; plate[2][6]                             ; 2       ;
; plate[1][6]                             ; 3       ;
; plate[0][6]                             ; 3       ;
; plate[3][6]                             ; 3       ;
; people[5][6]                            ; 2       ;
; people[6][6]                            ; 2       ;
; people[4][6]                            ; 2       ;
; people[7][6]                            ; 2       ;
; people[2][6]                            ; 2       ;
; people[1][6]                            ; 2       ;
; people[0][6]                            ; 2       ;
; plate[5][7]                             ; 3       ;
; plate[6][7]                             ; 3       ;
; plate[4][7]                             ; 3       ;
; plate[7][7]                             ; 3       ;
; plate[2][7]                             ; 3       ;
; plate[1][7]                             ; 3       ;
; plate[0][7]                             ; 3       ;
; plate[3][7]                             ; 3       ;
; touch[0]                                ; 5       ;
; line[0]                                 ; 7       ;
; line[1]                                 ; 7       ;
; Total number of inverted registers = 90 ;         ;
+-----------------------------------------+---------+


+-----------------------------------------------------------------------------------------------------------------------------------------------------+
; Multiplexer Restructuring Statistics (Restructuring Performed)                                                                                      ;
+--------------------+-----------+---------------+----------------------+------------------------+------------+---------------------------------------+
; Multiplexer Inputs ; Bus Width ; Baseline Area ; Area if Restructured ; Saving if Restructured ; Registered ; Example Multiplexer Output            ;
+--------------------+-----------+---------------+----------------------+------------------------+------------+---------------------------------------+
; 3:1                ; 2 bits    ; 4 LEs         ; 4 LEs                ; 0 LEs                  ; Yes        ; |LD_final_project|s_notice[1]         ;
; 3:1                ; 32 bits   ; 64 LEs        ; 64 LEs               ; 0 LEs                  ; Yes        ; |LD_final_project|s_noticed_times[31] ;
; 3:1                ; 4 bits    ; 8 LEs         ; 4 LEs                ; 4 LEs                  ; Yes        ; |LD_final_project|bcd_m[3]            ;
; 4:1                ; 2 bits    ; 4 LEs         ; 4 LEs                ; 0 LEs                  ; Yes        ; |LD_final_project|bouns[0]            ;
; 4:1                ; 2 bits    ; 4 LEs         ; 4 LEs                ; 0 LEs                  ; Yes        ; |LD_final_project|notice[0]           ;
; 4:1                ; 31 bits   ; 62 LEs        ; 62 LEs               ; 0 LEs                  ; Yes        ; |LD_final_project|touch[9]            ;
; 6:1                ; 4 bits    ; 16 LEs        ; 12 LEs               ; 4 LEs                  ; Yes        ; |LD_final_project|Life[0]~reg0        ;
; 7:1                ; 32 bits   ; 128 LEs       ; 96 LEs               ; 32 LEs                 ; Yes        ; |LD_final_project|a[0]                ;
; 4:1                ; 9 bits    ; 18 LEs        ; 9 LEs                ; 9 LEs                  ; No         ; |LD_final_project|r                   ;
; 16:1               ; 9 bits    ; 90 LEs        ; 54 LEs               ; 36 LEs                 ; No         ; |LD_final_project|Mux12               ;
; 5:1                ; 2 bits    ; 6 LEs         ; 6 LEs                ; 0 LEs                  ; No         ; |LD_final_project|s_notice            ;
; 16:1               ; 2 bits    ; 20 LEs        ; 12 LEs               ; 8 LEs                  ; No         ; |LD_final_project|Mux17               ;
+--------------------+-----------+---------------+----------------------+------------------------+------------+---------------------------------------+


+-------------------------------+
; Elapsed Time Per Partition    ;
+----------------+--------------+
; Partition Name ; Elapsed Time ;
+----------------+--------------+
; Top            ; 00:00:03     ;
+----------------+--------------+


+-------------------------------+
; Analysis & Synthesis Messages ;
+-------------------------------+
Info: *******************************************************************
Info: Running Quartus II 64-Bit Analysis & Synthesis
    Info: Version 13.1.0 Build 162 10/23/2013 SJ Web Edition
    Info: Processing started: Mon Jan 09 20:49:32 2023
Info: Command: quartus_map --read_settings_files=on --write_settings_files=off LD_final_project -c LD_final_project
Warning (20028): Parallel compilation is not licensed and has been disabled
Info (12021): Found 6 design units, including 6 entities, in source file ld_final_project.v
    Info (12023): Found entity 1: LD_final_project
    Info (12023): Found entity 2: segment7
    Info (12023): Found entity 3: divfreq
    Info (12023): Found entity 4: divfreq1
    Info (12023): Found entity 5: divfreq2
    Info (12023): Found entity 6: divfreq3
Warning (10236): Verilog HDL Implicit Net warning at LD_final_project.v(14): created implicit net for "A0"
Warning (10236): Verilog HDL Implicit Net warning at LD_final_project.v(14): created implicit net for "B0"
Warning (10236): Verilog HDL Implicit Net warning at LD_final_project.v(14): created implicit net for "C0"
Warning (10236): Verilog HDL Implicit Net warning at LD_final_project.v(14): created implicit net for "D0"
Warning (10236): Verilog HDL Implicit Net warning at LD_final_project.v(14): created implicit net for "E0"
Warning (10236): Verilog HDL Implicit Net warning at LD_final_project.v(14): created implicit net for "F0"
Warning (10236): Verilog HDL Implicit Net warning at LD_final_project.v(14): created implicit net for "G0"
Warning (10236): Verilog HDL Implicit Net warning at LD_final_project.v(15): created implicit net for "A1"
Warning (10236): Verilog HDL Implicit Net warning at LD_final_project.v(15): created implicit net for "B1"
Warning (10236): Verilog HDL Implicit Net warning at LD_final_project.v(15): created implicit net for "C1"
Warning (10236): Verilog HDL Implicit Net warning at LD_final_project.v(15): created implicit net for "D1"
Warning (10236): Verilog HDL Implicit Net warning at LD_final_project.v(15): created implicit net for "E1"
Warning (10236): Verilog HDL Implicit Net warning at LD_final_project.v(15): created implicit net for "F1"
Warning (10236): Verilog HDL Implicit Net warning at LD_final_project.v(15): created implicit net for "G1"
Warning (10236): Verilog HDL Implicit Net warning at LD_final_project.v(16): created implicit net for "CLK_div"
Warning (10236): Verilog HDL Implicit Net warning at LD_final_project.v(17): created implicit net for "CLK_time"
Warning (10236): Verilog HDL Implicit Net warning at LD_final_project.v(18): created implicit net for "CLK_mv"
Warning (10236): Verilog HDL Implicit Net warning at LD_final_project.v(19): created implicit net for "CLK_halfsec"
Info (12127): Elaborating entity "LD_final_project" for the top level hierarchy
Warning (10036): Verilog HDL or VHDL warning at LD_final_project.v(21): object "life_value" assigned a value but never read
Warning (10230): Verilog HDL assignment warning at LD_final_project.v(29): truncated value with size 32 to match size of target (3)
Warning (10230): Verilog HDL assignment warning at LD_final_project.v(30): truncated value with size 32 to match size of target (3)
Warning (10230): Verilog HDL assignment warning at LD_final_project.v(31): truncated value with size 32 to match size of target (3)
Warning (10230): Verilog HDL assignment warning at LD_final_project.v(32): truncated value with size 32 to match size of target (3)
Warning (10230): Verilog HDL assignment warning at LD_final_project.v(33): truncated value with size 32 to match size of target (3)
Warning (10230): Verilog HDL assignment warning at LD_final_project.v(34): truncated value with size 32 to match size of target (3)
Warning (10855): Verilog HDL warning at LD_final_project.v(24): initial value for variable random01 should be constant
Warning (10855): Verilog HDL warning at LD_final_project.v(24): initial value for variable r should be constant
Warning (10855): Verilog HDL warning at LD_final_project.v(24): initial value for variable random02 should be constant
Warning (10855): Verilog HDL warning at LD_final_project.v(24): initial value for variable r1 should be constant
Warning (10855): Verilog HDL warning at LD_final_project.v(24): initial value for variable random03 should be constant
Warning (10855): Verilog HDL warning at LD_final_project.v(24): initial value for variable r2 should be constant
Warning (10230): Verilog HDL assignment warning at LD_final_project.v(118): truncated value with size 32 to match size of target (4)
Warning (10230): Verilog HDL assignment warning at LD_final_project.v(122): truncated value with size 32 to match size of target (4)
Warning (10230): Verilog HDL assignment warning at LD_final_project.v(138): truncated value with size 32 to match size of target (8)
Warning (10230): Verilog HDL assignment warning at LD_final_project.v(139): truncated value with size 8 to match size of target (3)
Warning (10230): Verilog HDL assignment warning at LD_final_project.v(221): truncated value with size 32 to match size of target (3)
Warning (10230): Verilog HDL assignment warning at LD_final_project.v(222): truncated value with size 32 to match size of target (3)
Warning (10230): Verilog HDL assignment warning at LD_final_project.v(223): truncated value with size 32 to match size of target (3)
Warning (10230): Verilog HDL assignment warning at LD_final_project.v(224): truncated value with size 32 to match size of target (3)
Warning (10230): Verilog HDL assignment warning at LD_final_project.v(225): truncated value with size 32 to match size of target (3)
Warning (10230): Verilog HDL assignment warning at LD_final_project.v(226): truncated value with size 32 to match size of target (3)
Warning (10230): Verilog HDL assignment warning at LD_final_project.v(263): truncated value with size 32 to match size of target (3)
Warning (10230): Verilog HDL assignment warning at LD_final_project.v(264): truncated value with size 32 to match size of target (3)
Warning (10230): Verilog HDL assignment warning at LD_final_project.v(283): truncated value with size 32 to match size of target (3)
Warning (10230): Verilog HDL assignment warning at LD_final_project.v(284): truncated value with size 32 to match size of target (3)
Warning (10230): Verilog HDL assignment warning at LD_final_project.v(303): truncated value with size 32 to match size of target (3)
Warning (10230): Verilog HDL assignment warning at LD_final_project.v(304): truncated value with size 32 to match size of target (3)
Warning (10230): Verilog HDL assignment warning at LD_final_project.v(313): truncated value with size 32 to match size of target (8)
Warning (10230): Verilog HDL assignment warning at LD_final_project.v(319): truncated value with size 32 to match size of target (8)
Info (12128): Elaborating entity "segment7" for hierarchy "segment7:S0"
Info (12128): Elaborating entity "divfreq" for hierarchy "divfreq:div0"
Info (12128): Elaborating entity "divfreq1" for hierarchy "divfreq1:div1"
Info (12128): Elaborating entity "divfreq2" for hierarchy "divfreq2:div2"
Info (12128): Elaborating entity "divfreq3" for hierarchy "divfreq3:div3"
Warning (13024): Output pins are stuck at VCC or GND
    Warning (13410): Pin "DATA_B[0]" is stuck at VCC
    Warning (13410): Pin "DATA_B[1]" is stuck at VCC
    Warning (13410): Pin "DATA_B[2]" is stuck at VCC
    Warning (13410): Pin "DATA_B[3]" is stuck at VCC
    Warning (13410): Pin "DATA_B[4]" is stuck at VCC
    Warning (13410): Pin "DATA_B[5]" is stuck at VCC
    Warning (13410): Pin "DATA_B[6]" is stuck at VCC
    Warning (13410): Pin "DATA_B[7]" is stuck at VCC
    Warning (13410): Pin "EN" is stuck at VCC
Info (286030): Timing-Driven Synthesis is running
Info (144001): Generated suppressed messages file C:/Users/user/Desktop/LD_final_project/LD_final_project/output_files/LD_final_project.map.smsg
Info (16010): Generating hard_block partition "hard_block:auto_generated_inst"
    Info (16011): Adding 0 node(s), including 0 DDIO, 0 PLL, 0 transceiver and 0 LCELL
Info (21057): Implemented 1604 device resources after synthesis - the final resource count might be different
    Info (21058): Implemented 4 input pins
    Info (21059): Implemented 42 output pins
    Info (21061): Implemented 1558 logic cells
Info: Quartus II 64-Bit Analysis & Synthesis was successful. 0 errors, 60 warnings
    Info: Peak virtual memory: 4641 megabytes
    Info: Processing ended: Mon Jan 09 20:49:37 2023
    Info: Elapsed time: 00:00:05
    Info: Total CPU time (on all processors): 00:00:04


+------------------------------------------+
; Analysis & Synthesis Suppressed Messages ;
+------------------------------------------+
The suppressed messages can be found in C:/Users/user/Desktop/LD_final_project/LD_final_project/output_files/LD_final_project.map.smsg.


